[35m[1mConsolidate compiler generated dependencies of target clustering_node[0m
[ 50%] [32mBuilding CXX object CMakeFiles/clustering_node.dir/src/clustering_node.cpp.o[0m
[01m[K/home/flash/ros2_workspace/src/pcl_clustering/src/clustering_node.cpp:[m[K In constructor ‘[01m[KClusteringNode::ClusteringNode()[m[K’:
[01m[K/home/flash/ros2_workspace/src/pcl_clustering/src/clustering_node.cpp:18:5:[m[K [01;31m[Kerror: [m[K‘[01m[Koriginal_publisher_[m[K’ was not declared in this scope; did you mean ‘[01m[Krcl_publisher_t[m[K’?
   18 |     [01;31m[Koriginal_publisher_[m[K = this->create_publisher<sensor_msgs::msg::PointCloud2>("/sensing/x90_l/points_original", 10);
      |     [01;31m[K^~~~~~~~~~~~~~~~~~~[m[K
      |     [32m[Krcl_publisher_t[m[K
[01m[K/home/flash/ros2_workspace/src/pcl_clustering/src/clustering_node.cpp:19:5:[m[K [01;31m[Kerror: [m[K‘[01m[Kcluster_publisher_[m[K’ was not declared in this scope; did you mean ‘[01m[Kmarker_publisher_[m[K’?
   19 |     [01;31m[Kcluster_publisher_[m[K = this->create_publisher<sensor_msgs::msg::PointCloud2>("/sensing/x90_l/clusters", 10);
      |     [01;31m[K^~~~~~~~~~~~~~~~~~[m[K
      |     [32m[Kmarker_publisher_[m[K
[01m[K/home/flash/ros2_workspace/src/pcl_clustering/src/clustering_node.cpp:[m[K In member function ‘[01m[Kvoid ClusteringNode::topic_callback(sensor_msgs::msg::PointCloud2_<std::allocator<void> >::SharedPtr) const[m[K’:
[01m[K/home/flash/ros2_workspace/src/pcl_clustering/src/clustering_node.cpp:45:5:[m[K [01;31m[Kerror: [m[K‘[01m[Koriginal_publisher_[m[K’ was not declared in this scope; did you mean ‘[01m[Krcl_publisher_t[m[K’?
   45 |     [01;31m[Koriginal_publisher_[m[K->publish(*msg);
      |     [01;31m[K^~~~~~~~~~~~~~~~~~~[m[K
      |     [32m[Krcl_publisher_t[m[K
[01m[K/home/flash/ros2_workspace/src/pcl_clustering/src/clustering_node.cpp:124:5:[m[K [01;31m[Kerror: [m[K‘[01m[Kcluster_publisher_[m[K’ was not declared in this scope; did you mean ‘[01m[Kmarker_publisher_[m[K’?
  124 |     [01;31m[Kcluster_publisher_[m[K->publish(cluster_output);
      |     [01;31m[K^~~~~~~~~~~~~~~~~~[m[K
      |     [32m[Kmarker_publisher_[m[K
gmake[2]: *** [CMakeFiles/clustering_node.dir/build.make:76: CMakeFiles/clustering_node.dir/src/clustering_node.cpp.o] Error 1
gmake[1]: *** [CMakeFiles/Makefile2:137: CMakeFiles/clustering_node.dir/all] Error 2
gmake: *** [Makefile:146: all] Error 2
