[35m[1mConsolidate compiler generated dependencies of target lidar_warping_node[0m
[ 50%] [32mBuilding CXX object CMakeFiles/lidar_warping_node.dir/src/lidar_warping_node.cpp.o[0m
[100%] [32m[1mLinking CXX executable lidar_warping_node[0m
[100%] Built target lidar_warping_node
-- Install configuration: ""
-- Installing: /home/flash/ros2_workspace/src/install/pcl_warping/lib/pcl_warping/lidar_warping_node
-- Set runtime path of "/home/flash/ros2_workspace/src/install/pcl_warping/lib/pcl_warping/lidar_warping_node" to ""
-- Up-to-date: /home/flash/ros2_workspace/src/install/pcl_warping/share/ament_index/resource_index/package_run_dependencies/pcl_warping
-- Up-to-date: /home/flash/ros2_workspace/src/install/pcl_warping/share/ament_index/resource_index/parent_prefix_path/pcl_warping
-- Up-to-date: /home/flash/ros2_workspace/src/install/pcl_warping/share/pcl_warping/environment/ament_prefix_path.dsv
-- Up-to-date: /home/flash/ros2_workspace/src/install/pcl_warping/share/pcl_warping/environment/path.dsv
-- Up-to-date: /home/flash/ros2_workspace/src/install/pcl_warping/share/pcl_warping/local_setup.bash
-- Up-to-date: /home/flash/ros2_workspace/src/install/pcl_warping/share/pcl_warping/local_setup.sh
-- Up-to-date: /home/flash/ros2_workspace/src/install/pcl_warping/share/pcl_warping/local_setup.zsh
-- Up-to-date: /home/flash/ros2_workspace/src/install/pcl_warping/share/pcl_warping/local_setup.dsv
-- Installing: /home/flash/ros2_workspace/src/install/pcl_warping/share/pcl_warping/package.dsv
-- Up-to-date: /home/flash/ros2_workspace/src/install/pcl_warping/share/ament_index/resource_index/packages/pcl_warping
-- Up-to-date: /home/flash/ros2_workspace/src/install/pcl_warping/share/pcl_warping/cmake/pcl_warpingConfig.cmake
-- Up-to-date: /home/flash/ros2_workspace/src/install/pcl_warping/share/pcl_warping/cmake/pcl_warpingConfig-version.cmake
-- Up-to-date: /home/flash/ros2_workspace/src/install/pcl_warping/share/pcl_warping/package.xml
