-- Found ament_cmake: 1.3.8 (/home/flash/ros2_humble/install/ament_cmake/share/ament_cmake/cmake)
-- Found rclcpp: 16.0.8 (/home/flash/ros2_humble/install/rclcpp/share/rclcpp/cmake)
-- Found rosidl_generator_c: 3.1.5 (/home/flash/ros2_humble/install/rosidl_generator_c/share/rosidl_generator_c/cmake)
-- Found rosidl_adapter: 3.1.5 (/home/flash/ros2_humble/install/rosidl_adapter/share/rosidl_adapter/cmake)
-- Found rosidl_generator_cpp: 3.1.5 (/home/flash/ros2_humble/install/rosidl_generator_cpp/share/rosidl_generator_cpp/cmake)
-- Using all available rosidl_typesupport_c: rosidl_typesupport_introspection_c;rosidl_typesupport_fastrtps_c
-- Using all available rosidl_typesupport_cpp: rosidl_typesupport_introspection_cpp;rosidl_typesupport_fastrtps_cpp
-- Found rmw_implementation_cmake: 6.1.1 (/home/flash/ros2_humble/install/rmw_implementation_cmake/share/rmw_implementation_cmake/cmake)
-- Found rmw_fastrtps_cpp: 6.2.6 (/home/flash/ros2_humble/install/rmw_fastrtps_cpp/share/rmw_fastrtps_cpp/cmake)
-- Using RMW implementation 'rmw_fastrtps_cpp' as default
-- Found sensor_msgs: 4.2.3 (/home/flash/ros2_humble/install/sensor_msgs/share/sensor_msgs/cmake)
-- Eigen found (include: /usr/include/eigen3, version: 3.4.0)
-- FLANN found (include: /usr/include, lib: /usr/lib/x86_64-linux-gnu/libflann_cpp.so)
-- OpenNI found (version: 1.5.4.0, include: /usr/include/ni, lib: /usr/lib/libOpenNI.so;libusb::libusb)
-- OpenNI2 found (version: 2.2.0.33, include: /usr/include/openni2, lib: /usr/lib/x86_64-linux-gnu/libOpenNI2.so;libusb::libusb)
-- Eigen found (include: /usr/include/eigen3, version: 3.4.0)
-- OpenNI found (version: 1.5.4.0, include: /usr/include/ni, lib: /usr/lib/libOpenNI.so;libusb::libusb)
-- OpenNI2 found (version: 2.2.0.33, include: /usr/include/openni2, lib: /usr/lib/x86_64-linux-gnu/libOpenNI2.so;libusb::libusb)
-- Found Qhull version 8.0.2
-- OpenNI found (version: 1.5.4.0, include: /usr/include/ni, lib: /usr/lib/libOpenNI.so;libusb::libusb)
-- looking for PCL_COMMON
-- looking for PCL_KDTREE
-- looking for PCL_OCTREE
-- looking for PCL_SEARCH
-- looking for PCL_SAMPLE_CONSENSUS
-- looking for PCL_FILTERS
-- looking for PCL_2D
-- looking for PCL_GEOMETRY
-- looking for PCL_IO
-- looking for PCL_FEATURES
-- looking for PCL_ML
-- looking for PCL_SEGMENTATION
-- looking for PCL_VISUALIZATION
-- looking for PCL_SURFACE
-- looking for PCL_REGISTRATION
-- looking for PCL_KEYPOINTS
-- looking for PCL_TRACKING
-- looking for PCL_RECOGNITION
-- looking for PCL_STEREO
-- looking for PCL_APPS
-- looking for PCL_IN_HAND_SCANNER
-- looking for PCL_MODELER
-- looking for PCL_POINT_CLOUD_EDITOR
-- looking for PCL_OUTOFCORE
-- looking for PCL_PEOPLE
-- Found pcl_conversions: 2.4.0 (/opt/ros/humble/share/pcl_conversions/cmake)
-- Configuring done
-- Generating done
-- Build files have been written to: /home/flash/ros2_workspace/src/build/pcl_warping
[ 50%] [32mBuilding CXX object CMakeFiles/lidar_warping_node.dir/src/lidar_warping_node.cpp.o[0m
[100%] [32m[1mLinking CXX executable lidar_warping_node[0m
[100%] Built target lidar_warping_node
-- Install configuration: ""
-- Installing: /home/flash/ros2_workspace/src/install/pcl_warping/lib/pcl_warping/lidar_warping_node
-- Set runtime path of "/home/flash/ros2_workspace/src/install/pcl_warping/lib/pcl_warping/lidar_warping_node" to ""
-- Installing: /home/flash/ros2_workspace/src/install/pcl_warping/share/ament_index/resource_index/package_run_dependencies/pcl_warping
-- Installing: /home/flash/ros2_workspace/src/install/pcl_warping/share/ament_index/resource_index/parent_prefix_path/pcl_warping
-- Installing: /home/flash/ros2_workspace/src/install/pcl_warping/share/pcl_warping/environment/ament_prefix_path.sh
-- Installing: /home/flash/ros2_workspace/src/install/pcl_warping/share/pcl_warping/environment/ament_prefix_path.dsv
-- Installing: /home/flash/ros2_workspace/src/install/pcl_warping/share/pcl_warping/environment/path.sh
-- Installing: /home/flash/ros2_workspace/src/install/pcl_warping/share/pcl_warping/environment/path.dsv
-- Installing: /home/flash/ros2_workspace/src/install/pcl_warping/share/pcl_warping/local_setup.bash
-- Installing: /home/flash/ros2_workspace/src/install/pcl_warping/share/pcl_warping/local_setup.sh
-- Installing: /home/flash/ros2_workspace/src/install/pcl_warping/share/pcl_warping/local_setup.zsh
-- Installing: /home/flash/ros2_workspace/src/install/pcl_warping/share/pcl_warping/local_setup.dsv
-- Installing: /home/flash/ros2_workspace/src/install/pcl_warping/share/pcl_warping/package.dsv
-- Installing: /home/flash/ros2_workspace/src/install/pcl_warping/share/ament_index/resource_index/packages/pcl_warping
-- Installing: /home/flash/ros2_workspace/src/install/pcl_warping/share/pcl_warping/cmake/pcl_warpingConfig.cmake
-- Installing: /home/flash/ros2_workspace/src/install/pcl_warping/share/pcl_warping/cmake/pcl_warpingConfig-version.cmake
-- Installing: /home/flash/ros2_workspace/src/install/pcl_warping/share/pcl_warping/package.xml
