[1.934s] Invoking command in '/home/flash/ros2_workspace/src/lidar_downsampling': PYTHONPATH=/home/flash/ros2_workspace/src/build/lidar_downsampling/prefix_override:/home/flash/ros2_workspace/src/install/lidar_downsampling/lib/python3.10/site-packages:${PYTHONPATH} /usr/bin/python3 -W ignore:setup.py install is deprecated setup.py egg_info --egg-base ../build/lidar_downsampling build --build-base /home/flash/ros2_workspace/src/build/lidar_downsampling/build install --record /home/flash/ros2_workspace/src/build/lidar_downsampling/install.log --single-version-externally-managed install_data
[2.550s] running egg_info
[2.551s] writing ../build/lidar_downsampling/lidar_downsampling.egg-info/PKG-INFO
[2.552s] writing dependency_links to ../build/lidar_downsampling/lidar_downsampling.egg-info/dependency_links.txt
[2.552s] writing entry points to ../build/lidar_downsampling/lidar_downsampling.egg-info/entry_points.txt
[2.552s] writing requirements to ../build/lidar_downsampling/lidar_downsampling.egg-info/requires.txt
[2.552s] writing top-level names to ../build/lidar_downsampling/lidar_downsampling.egg-info/top_level.txt
[2.559s] reading manifest file '../build/lidar_downsampling/lidar_downsampling.egg-info/SOURCES.txt'
[2.560s] writing manifest file '../build/lidar_downsampling/lidar_downsampling.egg-info/SOURCES.txt'
[2.560s] running build
[2.561s] running build_py
[2.561s] running install
[2.561s] running install_lib
[2.564s] running install_data
[2.564s] running install_egg_info
[2.567s] removing '/home/flash/ros2_workspace/src/install/lidar_downsampling/lib/python3.10/site-packages/lidar_downsampling-0.0.0-py3.10.egg-info' (and everything under it)
[2.568s] Copying ../build/lidar_downsampling/lidar_downsampling.egg-info to /home/flash/ros2_workspace/src/install/lidar_downsampling/lib/python3.10/site-packages/lidar_downsampling-0.0.0-py3.10.egg-info
[2.569s] running install_scripts
[2.623s] Installing lidar_downsampling_node script to /home/flash/ros2_workspace/src/install/lidar_downsampling/lib/lidar_downsampling
[2.623s] writing list of installed files to '/home/flash/ros2_workspace/src/build/lidar_downsampling/install.log'
[2.682s] Invoked command in '/home/flash/ros2_workspace/src/lidar_downsampling' returned '0': PYTHONPATH=/home/flash/ros2_workspace/src/build/lidar_downsampling/prefix_override:/home/flash/ros2_workspace/src/install/lidar_downsampling/lib/python3.10/site-packages:${PYTHONPATH} /usr/bin/python3 -W ignore:setup.py install is deprecated setup.py egg_info --egg-base ../build/lidar_downsampling build --build-base /home/flash/ros2_workspace/src/build/lidar_downsampling/build install --record /home/flash/ros2_workspace/src/build/lidar_downsampling/install.log --single-version-externally-managed install_data
