running egg_info
creating ../build/lidar_downsampling/lidar_downsampling.egg-info
writing ../build/lidar_downsampling/lidar_downsampling.egg-info/PKG-INFO
writing dependency_links to ../build/lidar_downsampling/lidar_downsampling.egg-info/dependency_links.txt
writing entry points to ../build/lidar_downsampling/lidar_downsampling.egg-info/entry_points.txt
writing requirements to ../build/lidar_downsampling/lidar_downsampling.egg-info/requires.txt
writing top-level names to ../build/lidar_downsampling/lidar_downsampling.egg-info/top_level.txt
writing manifest file '../build/lidar_downsampling/lidar_downsampling.egg-info/SOURCES.txt'
reading manifest file '../build/lidar_downsampling/lidar_downsampling.egg-info/SOURCES.txt'
writing manifest file '../build/lidar_downsampling/lidar_downsampling.egg-info/SOURCES.txt'
running build
running build_py
creating /home/flash/ros2_workspace/src/build/lidar_downsampling/build
creating /home/flash/ros2_workspace/src/build/lidar_downsampling/build/lib
creating /home/flash/ros2_workspace/src/build/lidar_downsampling/build/lib/lidar_downsampling
copying lidar_downsampling/__init__.py -> /home/flash/ros2_workspace/src/build/lidar_downsampling/build/lib/lidar_downsampling
copying lidar_downsampling/lidar_downsampling_node.py -> /home/flash/ros2_workspace/src/build/lidar_downsampling/build/lib/lidar_downsampling
running install
running install_lib
creating /home/flash/ros2_workspace/src/install/lidar_downsampling/lib/python3.10/site-packages/lidar_downsampling
copying /home/flash/ros2_workspace/src/build/lidar_downsampling/build/lib/lidar_downsampling/__init__.py -> /home/flash/ros2_workspace/src/install/lidar_downsampling/lib/python3.10/site-packages/lidar_downsampling
copying /home/flash/ros2_workspace/src/build/lidar_downsampling/build/lib/lidar_downsampling/lidar_downsampling_node.py -> /home/flash/ros2_workspace/src/install/lidar_downsampling/lib/python3.10/site-packages/lidar_downsampling
byte-compiling /home/flash/ros2_workspace/src/install/lidar_downsampling/lib/python3.10/site-packages/lidar_downsampling/__init__.py to __init__.cpython-310.pyc
byte-compiling /home/flash/ros2_workspace/src/install/lidar_downsampling/lib/python3.10/site-packages/lidar_downsampling/lidar_downsampling_node.py to lidar_downsampling_node.cpython-310.pyc
running install_data
creating /home/flash/ros2_workspace/src/install/lidar_downsampling/share/ament_index
creating /home/flash/ros2_workspace/src/install/lidar_downsampling/share/ament_index/resource_index
creating /home/flash/ros2_workspace/src/install/lidar_downsampling/share/ament_index/resource_index/packages
copying resource/lidar_downsampling -> /home/flash/ros2_workspace/src/install/lidar_downsampling/share/ament_index/resource_index/packages
copying package.xml -> /home/flash/ros2_workspace/src/install/lidar_downsampling/share/lidar_downsampling
running install_egg_info
Copying ../build/lidar_downsampling/lidar_downsampling.egg-info to /home/flash/ros2_workspace/src/install/lidar_downsampling/lib/python3.10/site-packages/lidar_downsampling-0.0.0-py3.10.egg-info
running install_scripts
Installing lidar_downsampling_node script to /home/flash/ros2_workspace/src/install/lidar_downsampling/lib/lidar_downsampling
writing list of installed files to '/home/flash/ros2_workspace/src/build/lidar_downsampling/install.log'
