[2.134s] Invoking command in '/home/flash/ros2_workspace/src/lidar_downsampling': PYTHONPATH=/home/flash/ros2_workspace/src/build/lidar_downsampling/prefix_override:/home/flash/ros2_workspace/src/install/lidar_downsampling/lib/python3.10/site-packages:${PYTHONPATH} /usr/bin/python3 -W ignore:setup.py install is deprecated setup.py egg_info --egg-base ../build/lidar_downsampling build --build-base /home/flash/ros2_workspace/src/build/lidar_downsampling/build install --record /home/flash/ros2_workspace/src/build/lidar_downsampling/install.log --single-version-externally-managed install_data
[2.910s] running egg_info
[2.912s] creating ../build/lidar_downsampling/lidar_downsampling.egg-info
[2.913s] writing ../build/lidar_downsampling/lidar_downsampling.egg-info/PKG-INFO
[2.913s] writing dependency_links to ../build/lidar_downsampling/lidar_downsampling.egg-info/dependency_links.txt
[2.913s] writing entry points to ../build/lidar_downsampling/lidar_downsampling.egg-info/entry_points.txt
[2.913s] writing requirements to ../build/lidar_downsampling/lidar_downsampling.egg-info/requires.txt
[2.914s] writing top-level names to ../build/lidar_downsampling/lidar_downsampling.egg-info/top_level.txt
[2.922s] writing manifest file '../build/lidar_downsampling/lidar_downsampling.egg-info/SOURCES.txt'
[2.925s] reading manifest file '../build/lidar_downsampling/lidar_downsampling.egg-info/SOURCES.txt'
[2.925s] writing manifest file '../build/lidar_downsampling/lidar_downsampling.egg-info/SOURCES.txt'
[2.925s] running build
[2.926s] running build_py
[2.926s] creating /home/flash/ros2_workspace/src/build/lidar_downsampling/build
[2.926s] creating /home/flash/ros2_workspace/src/build/lidar_downsampling/build/lib
[2.926s] creating /home/flash/ros2_workspace/src/build/lidar_downsampling/build/lib/lidar_downsampling
[2.927s] copying lidar_downsampling/__init__.py -> /home/flash/ros2_workspace/src/build/lidar_downsampling/build/lib/lidar_downsampling
[2.927s] copying lidar_downsampling/lidar_downsampling_node.py -> /home/flash/ros2_workspace/src/build/lidar_downsampling/build/lib/lidar_downsampling
[2.927s] running install
[2.927s] running install_lib
[2.929s] creating /home/flash/ros2_workspace/src/install/lidar_downsampling/lib/python3.10/site-packages/lidar_downsampling
[2.929s] copying /home/flash/ros2_workspace/src/build/lidar_downsampling/build/lib/lidar_downsampling/__init__.py -> /home/flash/ros2_workspace/src/install/lidar_downsampling/lib/python3.10/site-packages/lidar_downsampling
[2.929s] copying /home/flash/ros2_workspace/src/build/lidar_downsampling/build/lib/lidar_downsampling/lidar_downsampling_node.py -> /home/flash/ros2_workspace/src/install/lidar_downsampling/lib/python3.10/site-packages/lidar_downsampling
[2.932s] byte-compiling /home/flash/ros2_workspace/src/install/lidar_downsampling/lib/python3.10/site-packages/lidar_downsampling/__init__.py to __init__.cpython-310.pyc
[2.933s] byte-compiling /home/flash/ros2_workspace/src/install/lidar_downsampling/lib/python3.10/site-packages/lidar_downsampling/lidar_downsampling_node.py to lidar_downsampling_node.cpython-310.pyc
[2.933s] running install_data
[2.933s] creating /home/flash/ros2_workspace/src/install/lidar_downsampling/share/ament_index
[2.933s] creating /home/flash/ros2_workspace/src/install/lidar_downsampling/share/ament_index/resource_index
[2.934s] creating /home/flash/ros2_workspace/src/install/lidar_downsampling/share/ament_index/resource_index/packages
[2.934s] copying resource/lidar_downsampling -> /home/flash/ros2_workspace/src/install/lidar_downsampling/share/ament_index/resource_index/packages
[2.934s] copying package.xml -> /home/flash/ros2_workspace/src/install/lidar_downsampling/share/lidar_downsampling
[2.934s] running install_egg_info
[2.939s] Copying ../build/lidar_downsampling/lidar_downsampling.egg-info to /home/flash/ros2_workspace/src/install/lidar_downsampling/lib/python3.10/site-packages/lidar_downsampling-0.0.0-py3.10.egg-info
[2.941s] running install_scripts
[3.006s] Installing lidar_downsampling_node script to /home/flash/ros2_workspace/src/install/lidar_downsampling/lib/lidar_downsampling
[3.006s] writing list of installed files to '/home/flash/ros2_workspace/src/build/lidar_downsampling/install.log'
[3.076s] Invoked command in '/home/flash/ros2_workspace/src/lidar_downsampling' returned '0': PYTHONPATH=/home/flash/ros2_workspace/src/build/lidar_downsampling/prefix_override:/home/flash/ros2_workspace/src/install/lidar_downsampling/lib/python3.10/site-packages:${PYTHONPATH} /usr/bin/python3 -W ignore:setup.py install is deprecated setup.py egg_info --egg-base ../build/lidar_downsampling build --build-base /home/flash/ros2_workspace/src/build/lidar_downsampling/build install --record /home/flash/ros2_workspace/src/build/lidar_downsampling/install.log --single-version-externally-managed install_data
