[2.327s] Invoking command in '/home/flash/ros2_workspace/src/lidar_downsampling': PYTHONPATH=/home/flash/ros2_workspace/src/build/lidar_downsampling/prefix_override:/home/flash/ros2_workspace/src/install/lidar_downsampling/lib/python3.10/site-packages:${PYTHONPATH} /usr/bin/python3 -W ignore:setup.py install is deprecated setup.py egg_info --egg-base ../build/lidar_downsampling build --build-base /home/flash/ros2_workspace/src/build/lidar_downsampling/build install --record /home/flash/ros2_workspace/src/build/lidar_downsampling/install.log --single-version-externally-managed install_data
[3.016s] running egg_info
[3.017s] writing ../build/lidar_downsampling/lidar_downsampling.egg-info/PKG-INFO
[3.018s] writing dependency_links to ../build/lidar_downsampling/lidar_downsampling.egg-info/dependency_links.txt
[3.018s] writing entry points to ../build/lidar_downsampling/lidar_downsampling.egg-info/entry_points.txt
[3.018s] writing requirements to ../build/lidar_downsampling/lidar_downsampling.egg-info/requires.txt
[3.018s] writing top-level names to ../build/lidar_downsampling/lidar_downsampling.egg-info/top_level.txt
[3.026s] reading manifest file '../build/lidar_downsampling/lidar_downsampling.egg-info/SOURCES.txt'
[3.027s] writing manifest file '../build/lidar_downsampling/lidar_downsampling.egg-info/SOURCES.txt'
[3.027s] running build
[3.028s] running build_py
[3.028s] running install
[3.028s] running install_lib
[3.032s] running install_data
[3.032s] running install_egg_info
[3.036s] removing '/home/flash/ros2_workspace/src/install/lidar_downsampling/lib/python3.10/site-packages/lidar_downsampling-0.0.0-py3.10.egg-info' (and everything under it)
[3.037s] Copying ../build/lidar_downsampling/lidar_downsampling.egg-info to /home/flash/ros2_workspace/src/install/lidar_downsampling/lib/python3.10/site-packages/lidar_downsampling-0.0.0-py3.10.egg-info
[3.038s] running install_scripts
[3.086s] Installing lidar_downsampling_node script to /home/flash/ros2_workspace/src/install/lidar_downsampling/lib/lidar_downsampling
[3.086s] writing list of installed files to '/home/flash/ros2_workspace/src/build/lidar_downsampling/install.log'
[3.155s] Invoked command in '/home/flash/ros2_workspace/src/lidar_downsampling' returned '0': PYTHONPATH=/home/flash/ros2_workspace/src/build/lidar_downsampling/prefix_override:/home/flash/ros2_workspace/src/install/lidar_downsampling/lib/python3.10/site-packages:${PYTHONPATH} /usr/bin/python3 -W ignore:setup.py install is deprecated setup.py egg_info --egg-base ../build/lidar_downsampling build --build-base /home/flash/ros2_workspace/src/build/lidar_downsampling/build install --record /home/flash/ros2_workspace/src/build/lidar_downsampling/install.log --single-version-externally-managed install_data
