[35m[1mConsolidate compiler generated dependencies of target clustering_node[0m
[ 50%] [32mBuilding CXX object CMakeFiles/clustering_node.dir/src/clustering_node.cpp.o[0m
[100%] [32m[1mLinking CXX executable clustering_node[0m
[100%] Built target clustering_node
-- Install configuration: ""
-- Installing: /home/flash/ros2_workspace/src/install/pcl_clustering/lib/pcl_clustering/clustering_node
-- Set runtime path of "/home/flash/ros2_workspace/src/install/pcl_clustering/lib/pcl_clustering/clustering_node" to ""
-- Up-to-date: /home/flash/ros2_workspace/src/install/pcl_clustering/share/ament_index/resource_index/package_run_dependencies/pcl_clustering
-- Up-to-date: /home/flash/ros2_workspace/src/install/pcl_clustering/share/ament_index/resource_index/parent_prefix_path/pcl_clustering
-- Up-to-date: /home/flash/ros2_workspace/src/install/pcl_clustering/share/pcl_clustering/environment/ament_prefix_path.dsv
-- Up-to-date: /home/flash/ros2_workspace/src/install/pcl_clustering/share/pcl_clustering/environment/path.dsv
-- Up-to-date: /home/flash/ros2_workspace/src/install/pcl_clustering/share/pcl_clustering/local_setup.bash
-- Up-to-date: /home/flash/ros2_workspace/src/install/pcl_clustering/share/pcl_clustering/local_setup.sh
-- Up-to-date: /home/flash/ros2_workspace/src/install/pcl_clustering/share/pcl_clustering/local_setup.zsh
-- Up-to-date: /home/flash/ros2_workspace/src/install/pcl_clustering/share/pcl_clustering/local_setup.dsv
-- Installing: /home/flash/ros2_workspace/src/install/pcl_clustering/share/pcl_clustering/package.dsv
-- Up-to-date: /home/flash/ros2_workspace/src/install/pcl_clustering/share/ament_index/resource_index/packages/pcl_clustering
-- Up-to-date: /home/flash/ros2_workspace/src/install/pcl_clustering/share/pcl_clustering/cmake/pcl_clusteringConfig.cmake
-- Up-to-date: /home/flash/ros2_workspace/src/install/pcl_clustering/share/pcl_clustering/cmake/pcl_clusteringConfig-version.cmake
-- Up-to-date: /home/flash/ros2_workspace/src/install/pcl_clustering/share/pcl_clustering/package.xml
